<?xml version="1.0" encoding="UTF-8"?>
<robot generator="Robot 6.1.1 (Python 3.9.6 on darwin)" generated="20240528 11:26:00.046" rpa="false" schemaversion="4">
<suite id="s1" name="Tests" source="/Users/s.aggour/Library/CloudStorage/OneDrive-ONEPOINT/Clarins/clarins-auto-uat-ihm/Tests">
<suite id="s1-s1" name="Test1" source="/Users/s.aggour/Library/CloudStorage/OneDrive-ONEPOINT/Clarins/clarins-auto-uat-ihm/Tests/test1.robot">
<test id="s1-s1-t1" name="Mon_cas_de_test" line="10">
<kw name="Access to Login page">
<kw name="Log To Console" library="BuiltIn">
<arg>New Browser</arg>
<doc>Logs the given message to the console.</doc>
<status status="PASS" starttime="20240528 11:26:01.694" endtime="20240528 11:26:01.694"/>
</kw>
<kw name="New Browser" library="Browser">
<arg>${BROWSER}</arg>
<arg>headless=${false}</arg>
<arg>reuse_existing=${False}</arg>
<arg>slowMo=0:00:02</arg>
<tag>BrowserControl</tag>
<tag>Setter</tag>
<doc>Create a new playwright Browser with specified options.</doc>
<msg timestamp="20240528 11:26:01.695" level="INFO">{"browser": "chromium", "headless": false, "chromiumSandbox": false, "devtools": false, "handleSIGHUP": true, "handleSIGINT": true, "handleSIGTERM": true, "slowMo": 2000.0, "timeout": 30000.0, "tracesDir": "/Users/s.aggour/Library/CloudStorage/OneDrive-ONEPOINT/Clarins/clarins-auto-uat-ihm/Resultats/login_ihm_uat/logs/browser/traces/febe1f26-5493-4fda-a35d-43166e5ad775"}</msg>
<msg timestamp="20240528 11:26:02.366" level="INFO">Successfully created browser with options: {"browser":"chromium","headless":false,"chromiumSandbox":false,"devtools":false,"handleSIGHUP":true,"handleSIGINT":true,"handleSIGTERM":true,"slowMo":2000,"timeout":30000,"tracesDir":"/Users/s.aggour/Library/CloudStorage/OneDrive-ONEPOINT/Clarins/clarins-auto-uat-ihm/Resultats/login_ihm_uat/logs/browser/traces/febe1f26-5493-4fda-a35d-43166e5ad775"}</msg>
<status status="PASS" starttime="20240528 11:26:01.695" endtime="20240528 11:26:02.367"/>
</kw>
<kw name="Log To Console" library="BuiltIn">
<arg>Creating new browser with HTTP credentials</arg>
<doc>Logs the given message to the console.</doc>
<status status="PASS" starttime="20240528 11:26:02.367" endtime="20240528 11:26:02.367"/>
</kw>
<kw name="Create Dictionary" library="BuiltIn">
<var>&amp;{httpCredentials}</var>
<arg>username=$USERNAME</arg>
<arg>password=$PASSWORD</arg>
<doc>Creates and returns a dictionary based on the given ``items``.</doc>
<msg timestamp="20240528 11:26:02.367" level="INFO">&amp;{httpCredentials} = { username=$USERNAME | password=$PASSWORD }</msg>
<status status="PASS" starttime="20240528 11:26:02.367" endtime="20240528 11:26:02.367"/>
</kw>
<kw name="New Context" library="Browser">
<arg>httpCredentials=${httpCredentials}</arg>
<tag>BrowserControl</tag>
<tag>Setter</tag>
<doc>Create a new BrowserContext with specified options.</doc>
<msg timestamp="20240528 11:26:02.368" level="INFO">{
  "acceptDownloads": true,
  "bypassCSP": false,
  "forcedColors": "none",
  "httpCredentials": "XXX",
  "ignoreHTTPSErrors": false,
  "javaScriptEnabled": true,
  "offline": false,
  "reducedMotion": "no-preference",
  "serviceWorkers": "allow",
  "viewport": {
    "width": 1280,
    "height": 720
  }
}</msg>
<msg timestamp="20240528 11:26:02.394" level="INFO">Successfully created context. </msg>
<msg timestamp="20240528 11:26:02.394" level="INFO">{'acceptDownloads': True, 'bypassCSP': False, 'forcedColors': 'none', 'httpCredentials': 'XXX', 'ignoreHTTPSErrors': False, 'javaScriptEnabled': True, 'offline': False, 'reducedMotion': 'no-preference', 'serviceWorkers': 'allow', 'viewport': {'width': 1280, 'height': 720}}</msg>
<status status="PASS" starttime="20240528 11:26:02.367" endtime="20240528 11:26:02.394"/>
</kw>
<kw name="Log To Console" library="BuiltIn">
<arg>Opening new page</arg>
<doc>Logs the given message to the console.</doc>
<status status="PASS" starttime="20240528 11:26:02.394" endtime="20240528 11:26:02.394"/>
</kw>
<kw name="New Page" library="Browser">
<arg>${URL}</arg>
<tag>BrowserControl</tag>
<tag>Setter</tag>
<doc>Open a new Page.</doc>
<msg timestamp="20240528 11:26:07.488" level="INFO">Successfully initialized new page object and opened url: https://staging-clarins-ecommera.demandware.net/on/demandware.store/Sites-clarinsfr-Site</msg>
<status status="PASS" starttime="20240528 11:26:02.394" endtime="20240528 11:26:07.488"/>
</kw>
<status status="PASS" starttime="20240528 11:26:01.694" endtime="20240528 11:26:07.489"/>
</kw>
<kw name="Sleep" library="BuiltIn">
<arg>5s</arg>
<doc>Pauses the test executed for the given time.</doc>
<msg timestamp="20240528 11:26:12.492" level="INFO">Slept 5 seconds</msg>
<status status="PASS" starttime="20240528 11:26:07.490" endtime="20240528 11:26:12.493"/>
</kw>
<tag>login_ihm</tag>
<status status="PASS" starttime="20240528 11:26:01.691" endtime="20240528 11:26:12.493"/>
</test>
<doc>But du Test
Vérifier que la connexion se passe bien
 python3 -m robot  -d "Resultats/login_ihm_uat/logs" -v ENV:UAT  -i "login_ihm" Tests</doc>
<status status="PASS" starttime="20240528 11:26:00.055" endtime="20240528 11:26:12.576"/>
</suite>
<status status="PASS" starttime="20240528 11:26:00.046" endtime="20240528 11:26:12.579"/>
</suite>
<statistics>
<total>
<stat pass="1" fail="0" skip="0">All Tests</stat>
</total>
<tag>
<stat pass="1" fail="0" skip="0">login_ihm</stat>
</tag>
<suite>
<stat pass="1" fail="0" skip="0" id="s1" name="Tests">Tests</stat>
<stat pass="1" fail="0" skip="0" id="s1-s1" name="Test1">Tests.Test1</stat>
</suite>
</statistics>
<errors>
</errors>
</robot>
